  Uses.cpp
c:\users\twr\desktop\test new spa\spa_project\source\uses.cpp(285): warning C4101: 'procId': unreferenced local variable
c:\users\twr\desktop\test new spa\spa_project\source\vectorsetoperation.h(16): warning C4661: 'std::vector<int,std::allocator<_Ty>> VectorSetOperation<int>::setIntersection(std::vector<_Ty,std::allocator<_Ty>>,std::vector<_Ty,std::allocator<_Ty>>)': no suitable definition provided for explicit template instantiation request
          with
          [
              _Ty=int
          ]
  c:\users\twr\desktop\test new spa\spa_project\source\vectorsetoperation.h(12): note: see declaration of 'VectorSetOperation<int>::setIntersection'
c:\users\twr\desktop\test new spa\spa_project\source\vectorsetoperation.h(16): warning C4661: 'std::vector<int,std::allocator<_Ty>> VectorSetOperation<int>::setUnion(std::vector<_Ty,std::allocator<_Ty>>,std::vector<_Ty,std::allocator<_Ty>>)': no suitable definition provided for explicit template instantiation request
          with
          [
              _Ty=int
          ]
  c:\users\twr\desktop\test new spa\spa_project\source\vectorsetoperation.h(13): note: see declaration of 'VectorSetOperation<int>::setUnion'
  Modifies.cpp
c:\users\twr\desktop\test new spa\spa_project\source\modifies.cpp(287): warning C4101: 'procId': unreferenced local variable
c:\users\twr\desktop\test new spa\spa_project\source\vectorsetoperation.h(16): warning C4661: 'std::vector<int,std::allocator<_Ty>> VectorSetOperation<int>::setIntersection(std::vector<_Ty,std::allocator<_Ty>>,std::vector<_Ty,std::allocator<_Ty>>)': no suitable definition provided for explicit template instantiation request
          with
          [
              _Ty=int
          ]
  c:\users\twr\desktop\test new spa\spa_project\source\vectorsetoperation.h(12): note: see declaration of 'VectorSetOperation<int>::setIntersection'
c:\users\twr\desktop\test new spa\spa_project\source\vectorsetoperation.h(16): warning C4661: 'std::vector<int,std::allocator<_Ty>> VectorSetOperation<int>::setUnion(std::vector<_Ty,std::allocator<_Ty>>,std::vector<_Ty,std::allocator<_Ty>>)': no suitable definition provided for explicit template instantiation request
          with
          [
              _Ty=int
          ]
  c:\users\twr\desktop\test new spa\spa_project\source\vectorsetoperation.h(13): note: see declaration of 'VectorSetOperation<int>::setUnion'
  CallsStar.cpp
c:\users\twr\desktop\test new spa\spa_project\source\callsstar.cpp(105): warning C4101: 'varId': unreferenced local variable
c:\users\twr\desktop\test new spa\spa_project\source\callsstar.cpp(164): warning C4101: 'callProcId': unreferenced local variable
c:\users\twr\desktop\test new spa\spa_project\source\callsstar.cpp(284): warning C4101: 'callProcId': unreferenced local variable
c:\users\twr\desktop\test new spa\spa_project\source\vectorsetoperation.h(16): warning C4661: 'std::vector<int,std::allocator<_Ty>> VectorSetOperation<int>::setIntersection(std::vector<_Ty,std::allocator<_Ty>>,std::vector<_Ty,std::allocator<_Ty>>)': no suitable definition provided for explicit template instantiation request
          with
          [
              _Ty=int
          ]
  c:\users\twr\desktop\test new spa\spa_project\source\vectorsetoperation.h(12): note: see declaration of 'VectorSetOperation<int>::setIntersection'
c:\users\twr\desktop\test new spa\spa_project\source\vectorsetoperation.h(16): warning C4661: 'std::vector<int,std::allocator<_Ty>> VectorSetOperation<int>::setUnion(std::vector<_Ty,std::allocator<_Ty>>,std::vector<_Ty,std::allocator<_Ty>>)': no suitable definition provided for explicit template instantiation request
          with
          [
              _Ty=int
          ]
  c:\users\twr\desktop\test new spa\spa_project\source\vectorsetoperation.h(13): note: see declaration of 'VectorSetOperation<int>::setUnion'
  Calls.cpp
c:\users\twr\desktop\test new spa\spa_project\source\calls.cpp(105): warning C4101: 'varId': unreferenced local variable
c:\users\twr\desktop\test new spa\spa_project\source\calls.cpp(164): warning C4101: 'callProcId': unreferenced local variable
c:\users\twr\desktop\test new spa\spa_project\source\calls.cpp(348): warning C4101: 'callProcId': unreferenced local variable
c:\users\twr\desktop\test new spa\spa_project\source\vectorsetoperation.h(16): warning C4661: 'std::vector<int,std::allocator<_Ty>> VectorSetOperation<int>::setIntersection(std::vector<_Ty,std::allocator<_Ty>>,std::vector<_Ty,std::allocator<_Ty>>)': no suitable definition provided for explicit template instantiation request
          with
          [
              _Ty=int
          ]
  c:\users\twr\desktop\test new spa\spa_project\source\vectorsetoperation.h(12): note: see declaration of 'VectorSetOperation<int>::setIntersection'
c:\users\twr\desktop\test new spa\spa_project\source\vectorsetoperation.h(16): warning C4661: 'std::vector<int,std::allocator<_Ty>> VectorSetOperation<int>::setUnion(std::vector<_Ty,std::allocator<_Ty>>,std::vector<_Ty,std::allocator<_Ty>>)': no suitable definition provided for explicit template instantiation request
          with
          [
              _Ty=int
          ]
  c:\users\twr\desktop\test new spa\spa_project\source\vectorsetoperation.h(13): note: see declaration of 'VectorSetOperation<int>::setUnion'
  Generating Code...
  Compiling...
  ResultTable.cpp
c:\users\twr\desktop\test new spa\spa_project\source\resulttable.cpp(48): error C2039: 'getsize': is not a member of 'ResultTable'
  c:\users\twr\desktop\test new spa\spa_project\source\resulttable.h(6): note: see declaration of 'ResultTable'
c:\users\twr\desktop\test new spa\spa_project\source\resulttable.cpp(50): error C2065: 'tupleList': undeclared identifier
c:\users\twr\desktop\test new spa\spa_project\source\resulttable.cpp(50): error C2228: left of '.size' must have class/struct/union
  c:\users\twr\desktop\test new spa\spa_project\source\resulttable.cpp(50): note: type is 'unknown-type'
  PQL.cpp
c:\users\twr\desktop\test new spa\spa_project\source\pql.cpp(39): error C2660: 'Uses::evaluate': function does not take 3 arguments
  Generating Code...
  Skipping... (no relevant changes detected)
  QueryParser.cpp
  QueryEvaluator.cpp
  Controller.cpp
