c:\users\sw\documents\github\cs3201-team-4\spa_project\spa\debug\spa.pdb
c:\users\sw\documents\github\cs3201-team-4\spa_project\spa\debug\spa.idb
c:\users\sw\documents\github\cs3201-team-4\spa_project\spa\debug\assigntable.obj
c:\users\sw\documents\github\cs3201-team-4\spa_project\spa\debug\calltable.obj
c:\users\sw\documents\github\cs3201-team-4\spa_project\spa\debug\consttable.obj
c:\users\sw\documents\github\cs3201-team-4\spa_project\spa\debug\controller.obj
c:\users\sw\documents\github\cs3201-team-4\spa_project\spa\debug\designextractor.obj
c:\users\sw\documents\github\cs3201-team-4\spa_project\spa\debug\followstable.obj
c:\users\sw\documents\github\cs3201-team-4\spa_project\spa\debug\iftable.obj
c:\users\sw\documents\github\cs3201-team-4\spa_project\spa\debug\modifiestable.obj
c:\users\sw\documents\github\cs3201-team-4\spa_project\spa\debug\parentstable.obj
c:\users\sw\documents\github\cs3201-team-4\spa_project\spa\debug\parser.obj
c:\users\sw\documents\github\cs3201-team-4\spa_project\spa\debug\pkb.obj
c:\users\sw\documents\github\cs3201-team-4\spa_project\spa\debug\prefixevaluator.obj
c:\users\sw\documents\github\cs3201-team-4\spa_project\spa\debug\proctable.obj
c:\users\sw\documents\github\cs3201-team-4\spa_project\spa\debug\tokenizer.obj
c:\users\sw\documents\github\cs3201-team-4\spa_project\spa\debug\usestable.obj
c:\users\sw\documents\github\cs3201-team-4\spa_project\spa\debug\vartable.obj
c:\users\sw\documents\github\cs3201-team-4\spa_project\spa\debug\whiletable.obj
c:\users\twr\desktop\refactor spa_project\spa\debug\spa.pdb
c:\users\twr\desktop\refactor spa_project\spa\debug\spa.idb
c:\users\twr\desktop\refactor spa_project\spa\debug\assigntable.obj
c:\users\twr\desktop\refactor spa_project\spa\debug\calltable.obj
c:\users\twr\desktop\refactor spa_project\spa\debug\consttable.obj
c:\users\twr\desktop\refactor spa_project\spa\debug\controller.obj
c:\users\twr\desktop\refactor spa_project\spa\debug\designextractor.obj
c:\users\twr\desktop\refactor spa_project\spa\debug\followstable.obj
c:\users\twr\desktop\refactor spa_project\spa\debug\iftable.obj
c:\users\twr\desktop\refactor spa_project\spa\debug\modifies.obj
c:\users\twr\desktop\refactor spa_project\spa\debug\modifiestable.obj
c:\users\twr\desktop\refactor spa_project\spa\debug\parentstable.obj
c:\users\twr\desktop\refactor spa_project\spa\debug\parser.obj
c:\users\twr\desktop\refactor spa_project\spa\debug\pkb.obj
c:\users\twr\desktop\refactor spa_project\spa\debug\prefixevaluator.obj
c:\users\twr\desktop\refactor spa_project\spa\debug\proctable.obj
c:\users\twr\desktop\refactor spa_project\spa\debug\queryevaluator.obj
c:\users\twr\desktop\refactor spa_project\spa\debug\tokenizer.obj
c:\users\twr\desktop\refactor spa_project\spa\debug\uses.obj
c:\users\twr\desktop\refactor spa_project\spa\debug\usestable.obj
c:\users\twr\desktop\refactor spa_project\spa\debug\vartable.obj
c:\users\twr\desktop\refactor spa_project\spa\debug\whiletable.obj
c:\users\sw\documents\github\cs3201-team-4\spa_project\debug\spa.lib
c:\users\twr\desktop\refactor spa_project\debug\spa.lib
c:\users\twr\desktop\cs3201-team-4\spa_project\spa\debug\assigntable.obj
c:\users\twr\desktop\cs3201-team-4\spa_project\spa\debug\calltable.obj
c:\users\twr\desktop\cs3201-team-4\spa_project\spa\debug\consttable.obj
c:\users\twr\desktop\cs3201-team-4\spa_project\spa\debug\controller.obj
c:\users\twr\desktop\cs3201-team-4\spa_project\spa\debug\designextractor.obj
c:\users\twr\desktop\cs3201-team-4\spa_project\spa\debug\followstable.obj
c:\users\twr\desktop\cs3201-team-4\spa_project\spa\debug\iftable.obj
c:\users\twr\desktop\cs3201-team-4\spa_project\spa\debug\modifies.obj
c:\users\twr\desktop\cs3201-team-4\spa_project\spa\debug\modifiestable.obj
c:\users\twr\desktop\cs3201-team-4\spa_project\spa\debug\parentstable.obj
c:\users\twr\desktop\cs3201-team-4\spa_project\spa\debug\parser.obj
c:\users\twr\desktop\cs3201-team-4\spa_project\spa\debug\pkb.obj
c:\users\twr\desktop\cs3201-team-4\spa_project\spa\debug\prefixevaluator.obj
c:\users\twr\desktop\cs3201-team-4\spa_project\spa\debug\proctable.obj
c:\users\twr\desktop\cs3201-team-4\spa_project\spa\debug\queryevaluator.obj
c:\users\twr\desktop\cs3201-team-4\spa_project\spa\debug\tokenizer.obj
c:\users\twr\desktop\cs3201-team-4\spa_project\spa\debug\uses.obj
c:\users\twr\desktop\cs3201-team-4\spa_project\spa\debug\usestable.obj
c:\users\twr\desktop\cs3201-team-4\spa_project\spa\debug\vartable.obj
c:\users\twr\desktop\cs3201-team-4\spa_project\spa\debug\whiletable.obj
c:\users\twr\desktop\cs3201-team-4\spa_project\spa\debug\spa.idb
c:\users\twr\desktop\cs3201-team-4\spa_project\spa\debug\spa.pdb
c:\users\twr\desktop\cs3201-team-4\spa_project\debug\spa.pdb
c:\users\twr\desktop\cs3201-team-4\spa_project\debug\spa.lib
c:\users\twr\desktop\cs3201-team-4\spa_project\spa\debug\spa.tlog\cl.command.1.tlog
c:\users\twr\desktop\cs3201-team-4\spa_project\spa\debug\spa.tlog\cl.read.1.tlog
c:\users\twr\desktop\cs3201-team-4\spa_project\spa\debug\spa.tlog\cl.write.1.tlog
c:\users\twr\desktop\cs3201-team-4\spa_project\spa\debug\spa.tlog\lib-link.read.1.tlog
c:\users\twr\desktop\cs3201-team-4\spa_project\spa\debug\spa.tlog\lib-link.write.1.tlog
c:\users\twr\desktop\cs3201-team-4\spa_project\spa\debug\spa.tlog\lib.command.1.tlog
